Performing C SOURCE FILE Test CMAKE_HAVE_LIBC_PTHREAD failed with the following output:
Change Dir: /home/xx/code/KCf/build/CMakeFiles/CMakeTmp

Run Build Command(s):/usr/bin/ninja cmTC_e2920 && [1/2] Building C object CMakeFiles/cmTC_e2920.dir/src.c.o
[2/2] Linking C executable cmTC_e2920
FAILED: cmTC_e2920 
: && /bin/x86_64-linux-gnu-gcc-9 -fPIC -DCMAKE_HAVE_LIBC_PTHREAD   CMakeFiles/cmTC_e2920.dir/src.c.o  -o cmTC_e2920   && :
/usr/bin/ld: CMakeFiles/cmTC_e2920.dir/src.c.o: in function `main':
src.c:(.text+0x46): undefined reference to `pthread_create'
/usr/bin/ld: src.c:(.text+0x52): undefined reference to `pthread_detach'
/usr/bin/ld: src.c:(.text+0x63): undefined reference to `pthread_join'
collect2: error: ld returned 1 exit status
ninja: build stopped: subcommand failed.


Source file was:
#include <pthread.h>

void* test_func(void* data)
{
  return data;
}

int main(void)
{
  pthread_t thread;
  pthread_create(&thread, NULL, test_func, NULL);
  pthread_detach(thread);
  pthread_join(thread, NULL);
  pthread_atfork(NULL, NULL, NULL);
  pthread_exit(NULL);

  return 0;
}

Determining if the function pthread_create exists in the pthreads failed with the following output:
Change Dir: /home/xx/code/KCf/build/CMakeFiles/CMakeTmp

Run Build Command(s):/usr/bin/ninja cmTC_ce575 && [1/2] Building C object CMakeFiles/cmTC_ce575.dir/CheckFunctionExists.c.o
[2/2] Linking C executable cmTC_ce575
FAILED: cmTC_ce575 
: && /bin/x86_64-linux-gnu-gcc-9 -fPIC -DCHECK_FUNCTION_EXISTS=pthread_create   CMakeFiles/cmTC_ce575.dir/CheckFunctionExists.c.o  -o cmTC_ce575  -lpthreads && :
/usr/bin/ld: 找不到 -lpthreads
collect2: error: ld returned 1 exit status
ninja: build stopped: subcommand failed.



